<?xml version="1.0" encoding="UTF-8"?>
<!-- Generated by org.testng.reporters.JUnitReportReporter -->
<testsuite skipped="0" hostname="dell-PC" name="MavenProject_Sample.MavenProject_Sample.Login_Application" tests="1" failures="0" timestamp="10 Mar 2020 11:40:53 GMT" time="0.014" errors="0">
  <testcase name="login" time="0.014" classname="MavenProject_Sample.MavenProject_Sample.Login_Application"/>
</testsuite> <!-- MavenProject_Sample.MavenProject_Sample.Login_Application -->
